0 silly argv { _: [ 'add' ],
0 silly argv   scope: '@xarples-console/users-service-server',
0 silly argv   globs: [],
0 silly argv   lernaVersion: '3.20.1',
0 silly argv   '$0': 'lerna',
0 silly argv   pkg: '@xarples-console/users-service-db' }
1 notice cli v3.20.1
2 verbose rootPath /Users/Guillermo/Documents/projects/xarples/console
3 notice filter including "@xarples-console/users-service-server"
4 info filter [ '@xarples-console/users-service-server' ]
5 error TypeError: Invalid comparator: latest
5 error     at Comparator.parse (/Users/Guillermo/Documents/projects/xarples/console/node_modules/semver/semver.js:794:11)
5 error     at new Comparator (/Users/Guillermo/Documents/projects/xarples/console/node_modules/semver/semver.js:777:8)
5 error     at Range.<anonymous> (/Users/Guillermo/Documents/projects/xarples/console/node_modules/semver/semver.js:975:12)
5 error     at Array.map (<anonymous>)
5 error     at Range.parseRange (/Users/Guillermo/Documents/projects/xarples/console/node_modules/semver/semver.js:974:13)
5 error     at Range.<anonymous> (/Users/Guillermo/Documents/projects/xarples/console/node_modules/semver/semver.js:917:17)
5 error     at Array.map (<anonymous>)
5 error     at new Range (/Users/Guillermo/Documents/projects/xarples/console/node_modules/semver/semver.js:916:40)
5 error     at Function.intersects (/Users/Guillermo/Documents/projects/xarples/console/node_modules/semver/semver.js:1542:8)
5 error     at getRangeToReference (/Users/Guillermo/Documents/projects/xarples/console/node_modules/@lerna/add/lib/get-range-to-reference.js:18:35)
5 error     at result.filter.pkg (/Users/Guillermo/Documents/projects/xarples/console/node_modules/@lerna/add/index.js:152:14)
5 error     at Array.filter (<anonymous>)
5 error     at AddCommand.collectPackagesToChange (/Users/Guillermo/Documents/projects/xarples/console/node_modules/@lerna/add/index.js:144:21)
